// 重构日志: 217020b3
// 重构日志: eb42a94b
// 同步 ID: 50d07c27 @ Thu Jun  4 01:01:08 UTC 2026
// 重构日志: 0d00867d
// 重构日志: 9a29443c
// 重构日志: 6bee9a31
// 重构日志: 893752b4
// 重构日志: 0f2230e6
// 重构日志: da43ce30
// 同步 ID: 601fdcbb @ Tue Jun  9 16:41:06 UTC 2026
// 同步 ID: 2f5bfb81 @ Thu Jun 11 02:28:18 UTC 2026
// 重构日志: 3119eada
// 同步 ID: 941924a6 @ Thu Jun 11 16:48:00 UTC 2026
// 重构日志: 5ef891b8
// 重构日志: 7463d47f
// 同步 ID: c5f6dc93 @ Sat Jun 13 17:02:51 UTC 2026
// 重构日志: 4e59df28
// 重构日志: ce6ba982
// 重构日志: 0519f536
// 重构日志: e291b3f5
// 同步 ID: 86ba29e3 @ Wed Jun 17 05:41:52 UTC 2026
// 重构日志: c88819da
// 重构日志: 9c3617c9
// 重构日志: 50ac7cdf
// 重构日志: c29eda6b
// 重构日志: b0e679c6
// 重构日志: 73d741c2
// 同步 ID: 11158a3e @ Sun Jun 21 14:10:50 UTC 2026
// 重构日志: 9fea000c
// 同步 ID: 90c5f509 @ Mon Jun 22 06:19:37 UTC 2026
